<?xml version="1.0" encoding="UTF-8"?><testsuite failures="0" name="cucumber.runtime.formatter.JUnitFormatter" skipped="0" tests="1" time="11.700397">
<testcase classname="Free CRM app test" name="free crm create deal test" time="11.700397">
<system-out><![CDATA[Given user is on newdeal page...............................................passed
When user fills the deal form...............................................passed
Then deal is created........................................................passed
]]></system-out>
</testcase>
</testsuite>
