<?xml version="1.0" encoding="UTF-8"?><testsuite failures="0" name="cucumber.runtime.formatter.JUnitFormatter" skipped="0" tests="1" time="13.043138">
<testcase classname="Deal Data Creation" name="Free CRM Login Test Scenario" time="13.043138">
<system-out><![CDATA[Given User is on the Login Page.............................................passed
When Title of the page is Free CRM..........................................passed
Then User enters username and password......................................passed
Then User clicks on login button............................................passed
Then User is on Home page...................................................passed
Then User moves to new deals page...........................................passed
Then User enters deals details..............................................passed
Then Browser gets closed....................................................passed
]]></system-out>
</testcase>
</testsuite>
